<?xml version="1.0" encoding="UTF-8"?>
<!-- Generated by org.testng.reporters.JUnitReportReporter -->
<testsuite hostname="QASudeep" failures="0" tests="1" name="Patient.addPatientTest" time="3.893" errors="0" timestamp="2024-01-24T15:12:34 IST" skipped="0">
  <testcase classname="Patient.addPatientTest" name="addPatient_Test" time="3.893"/>
  <system-out/>
</testsuite> <!-- Patient.addPatientTest -->
