<?xml version="1.0" encoding="UTF-8"?>
<!-- Generated by org.testng.reporters.JUnitReportReporter -->
<testsuite hostname="QASudeep" failures="0" tests="1" name="dghsg" time="0.356" errors="0" timestamp="2024-01-18T12:47:14 IST" skipped="0">
  <testcase classname="dghsg" name="jsdj" time="0.356"/>
  <system-out/>
</testsuite> <!-- dghsg -->
