<?xml version="1.0" encoding="UTF-8"?>
<!-- Generated by org.testng.reporters.JUnitReportReporter -->
<testsuite hostname="QASudeep" failures="0" tests="2" name="Patient.verifyCreatedPatient" time="5.390" errors="0" timestamp="2024-01-24T15:13:57 IST" skipped="0">
  <testcase classname="Patient.verifyCreatedPatient" name="addPatientTest" time="3.570"/>
  <system-out/>
  <testcase classname="Patient.verifyCreatedPatient" name="verifyPatientTest" time="1.820"/>
  <system-out/>
</testsuite> <!-- Patient.verifyCreatedPatient -->
