<?xml version="1.0" encoding="UTF-8"?>
<!-- Generated by org.testng.reporters.JUnitReportReporter -->
<testsuite hostname="QASudeep" failures="0" tests="4" name="AdminModule.adminScenario2" time="29.095" errors="0" timestamp="2024-01-23T13:21:07 IST" skipped="0">
  <testcase classname="AdminModule.adminScenario2" name="addDoctorTest" time="15.345"/>
  <system-out>
    <![CDATA[addDoctorTestExecution started
addDoctorTest ---> Passed]]>
  </system-out>
  <testcase classname="AdminModule.adminScenario2" name="addPatientTest" time="2.707"/>
  <system-out>
    <![CDATA[addPatientTestExecution started
addPatientTest ---> Passed]]>
  </system-out>
  <testcase classname="AdminModule.adminScenario2" name="bookAppointmentTest" time="9.665"/>
  <system-out>
    <![CDATA[bookAppointmentTestExecution started
bookAppointmentTest ---> Passed]]>
  </system-out>
  <testcase classname="AdminModule.adminScenario2" name="adminAddAppointmentHistoryTest" time="1.378"/>
  <system-out>
    <![CDATA[adminAddAppointmentHistoryTestExecution started
adminAddAppointmentHistoryTest ---> Passed]]>
  </system-out>
</testsuite> <!-- AdminModule.adminScenario2 -->
