<?xml version="1.0" encoding="UTF-8"?>
<!-- Generated by org.testng.reporters.JUnitReportReporter -->
<testsuite hostname="QASudeep" failures="0" tests="1" name="Patient.patientSignUp" time="4.071" errors="0" timestamp="2024-01-19T10:17:53 IST" skipped="0">
  <testcase classname="Patient.patientSignUp" name="patientSignup_Test" time="4.071"/>
  <system-out/>
</testsuite> <!-- Patient.patientSignUp -->
