<?xml version="1.0" encoding="UTF-8"?>
<!-- Generated by org.testng.reporters.JUnitReportReporter -->
<testsuite hostname="QASudeep" failures="0" tests="1" name="Patient.addAppointmentTest" time="6.009" errors="0" timestamp="2024-01-24T15:12:03 IST" skipped="0">
  <testcase classname="Patient.addAppointmentTest" name="addAppointment_Test" time="6.009"/>
  <system-out/>
</testsuite> <!-- Patient.addAppointmentTest -->
